<?xml version="1.0" encoding="UTF-8"?>
<!-- Generated by org.testng.reporters.JUnitReportReporter -->
<testsuite hostname="LAPTOP-LPT1M1TK" failures="0" tests="1" name="com.testing.NewTest" time="0.028" errors="0" timestamp="2023-06-02T10:26:42 IST" skipped="0">
  <testcase classname="com.testing.NewTest" name="f" time="0.028"/>
  <system-out/>
</testsuite> <!-- com.testing.NewTest -->
