<?xml version="1.0" encoding="UTF-8"?>
<!-- Generated by org.testng.reporters.JUnitReportReporter -->
<testsuite hostname="LAPTOP-LPT1M1TK" failures="0" tests="1" name="com.testing.Task_03" time="14.504" errors="0" timestamp="2023-06-02T12:35:05 IST" skipped="0">
  <testcase classname="com.testing.Task_03" name="UserPass" time="14.504"/>
  <system-out/>
</testsuite> <!-- com.testing.Task_03 -->
