<?xml version="1.0" encoding="UTF-8"?>
<!-- Generated by org.testng.reporters.JUnitReportReporter -->
<testsuite hostname="LAPTOP-LPT1M1TK" failures="0" tests="4" name="com.testing.Task_02" time="0.017" errors="0" timestamp="2023-06-02T11:48:02 IST" skipped="0">
  <testcase classname="com.testing.Task_02" name="addition" time="0.014"/>
  <system-out/>
  <testcase classname="com.testing.Task_02" name="subraction" time="0.001"/>
  <system-out/>
  <testcase classname="com.testing.Task_02" name="multiplication" time="0.001"/>
  <system-out/>
  <testcase classname="com.testing.Task_02" name="division" time="0.001"/>
  <system-out/>
</testsuite> <!-- com.testing.Task_02 -->
