<?xml version="1.0" encoding="UTF-8"?>
<!-- Generated by org.testng.reporters.JUnitReportReporter -->
<testsuite hostname="LAPTOP-LPT1M1TK" failures="0" tests="3" name="com.testing.Task_04" time="24.619" errors="0" timestamp="2023-06-02T15:53:15 IST" skipped="0">
  <testcase classname="com.testing.Task_04" name="login" time="5.614"/>
  <system-out/>
  <testcase classname="com.testing.Task_04" name="logout" time="9.264"/>
  <system-out/>
  <testcase classname="com.testing.Task_04" name="f" time="9.741"/>
  <system-out/>
</testsuite> <!-- com.testing.Task_04 -->
